Arguments: 
  /usr/local/bin/node /Users/slavajulia/.yarn/bin/yarn.js init

PATH: 
  /Users/slavajulia/.yarn/bin:/Users/slavajulia/.config/yarn/global/node_modules/.bin:/usr/local/mysql/bin:/usr/local/bin:/usr/bin:/bin:/usr/sbin:/sbin:/usr/local/go/bin:/Users/slavajulia/.yarn/bin:/Users/slavajulia/.config/yarn/global/node_modules/.bin:/usr/local/mysql/bin

Yarn version: 
  1.22.5

Node version: 
  15.0.1

Platform: 
  darwin x64

Trace: 
  Error: canceled
      at Interface.<anonymous> (/Users/slavajulia/.yarn/lib/cli.js:137009:13)
      at Interface.emit (node:events:327:20)
      at Interface._ttyWrite (node:readline:875:16)
      at ReadStream.onkeypress (node:readline:213:10)
      at ReadStream.emit (node:events:327:20)
      at emitKeys (node:internal/readline/utils:345:14)
      at emitKeys.next (<anonymous>)
      at ReadStream.onData (node:readline:1144:36)
      at ReadStream.emit (node:events:327:20)
      at addChunk (node:internal/streams/readable:304:12)

npm manifest: 
  No manifest

yarn manifest: 
  No manifest

Lockfile: 
  No lockfile
